<?xml version="1.0" encoding="UTF-8"?>
<!-- Generated by org.testng.reporters.JUnitReportReporter -->
<testsuite skipped="0" hostname="CSCINDAE699064" name="com.crm.qa.tests.LoginPageTest" tests="3" failures="0" timestamp="31 May 2018 14:58:47 GMT" time="44.703" errors="0">
  <testcase name="loginPageTitleTest" time="12.782" classname="com.crm.qa.tests.LoginPageTest"/>
  <testcase name="crmLogoImgTest" time="13.668" classname="com.crm.qa.tests.LoginPageTest"/>
  <testcase name="loginTest" time="18.253" classname="com.crm.qa.tests.LoginPageTest"/>
</testsuite> <!-- com.crm.qa.tests.LoginPageTest -->
