<?xml version="1.0" encoding="UTF-8"?>
<!-- Generated by org.testng.reporters.JUnitReportReporter -->
<testsuite skipped="0" hostname="CSCINDAE699064" name="com.crm.qa.tests.ContactsPageTest" tests="6" failures="0" timestamp="31 May 2018 14:58:47 GMT" time="150.996" errors="0">
  <testcase name="verifyContactsPageLabel" time="20.798" classname="com.crm.qa.tests.ContactsPageTest"/>
  <testcase name="selectSingleContactsTest" time="25.876" classname="com.crm.qa.tests.ContactsPageTest"/>
  <testcase name="selectMultipleContactsTest" time="25.487" classname="com.crm.qa.tests.ContactsPageTest"/>
  <testcase name="validateCreateNewContact" time="24.011" classname="com.crm.qa.tests.ContactsPageTest"/>
  <testcase name="validateCreateNewContact" time="28.693" classname="com.crm.qa.tests.ContactsPageTest"/>
  <testcase name="validateCreateNewContact" time="26.131" classname="com.crm.qa.tests.ContactsPageTest"/>
</testsuite> <!-- com.crm.qa.tests.ContactsPageTest -->
