<?xml version="1.0" encoding="UTF-8"?>
<!-- Generated by org.testng.reporters.JUnitReportReporter -->
<testsuite skipped="0" hostname="CSCINDAE699064" name="com.crm.qa.tests.HomePageTest" tests="3" failures="0" timestamp="31 May 2018 14:58:47 GMT" time="60.086" errors="0">
  <testcase name="verifyHomePageTitleTest" time="15.545" classname="com.crm.qa.tests.HomePageTest"/>
  <testcase name="verifyUserNameTest" time="22.496" classname="com.crm.qa.tests.HomePageTest"/>
  <testcase name="verifyContactsLinkTest" time="22.045" classname="com.crm.qa.tests.HomePageTest"/>
</testsuite> <!-- com.crm.qa.tests.HomePageTest -->
