<?xml version="1.0" encoding="UTF-8"?>
<!-- Generated by org.testng.reporters.JUnitReportReporter -->
<testsuite skipped="0" hostname="CSCINDAE699064" name="com.crm.qa.tests.LoginPageTest" tests="3" failures="0" timestamp="31 May 2018 17:47:26 GMT" time="45.258" errors="0">
  <testcase name="loginPageTitleTest" time="13.679" classname="com.crm.qa.tests.LoginPageTest"/>
  <testcase name="crmLogoImgTest" time="14.656" classname="com.crm.qa.tests.LoginPageTest"/>
  <testcase name="loginTest" time="16.923" classname="com.crm.qa.tests.LoginPageTest"/>
</testsuite> <!-- com.crm.qa.tests.LoginPageTest -->
