<?xml version="1.0" encoding="UTF-8"?>
<!-- Generated by org.testng.reporters.JUnitReportReporter -->
<testsuite skipped="0" hostname="CSCINDAE699064" name="com.crm.qa.tests.HomePageTest" tests="3" failures="0" timestamp="31 May 2018 17:47:26 GMT" time="65.842" errors="0">
  <testcase name="verifyHomePageTitleTest" time="16.879" classname="com.crm.qa.tests.HomePageTest"/>
  <testcase name="verifyUserNameTest" time="24.091" classname="com.crm.qa.tests.HomePageTest"/>
  <testcase name="verifyContactsLinkTest" time="24.872" classname="com.crm.qa.tests.HomePageTest"/>
</testsuite> <!-- com.crm.qa.tests.HomePageTest -->
