<?xml version="1.0" encoding="UTF-8"?>
<!-- Generated by org.testng.reporters.JUnitReportReporter -->
<testsuite skipped="0" hostname="CSCINDAE699064" name="com.crm.qa.tests.ContactsPageTest" tests="6" failures="0" timestamp="31 May 2018 17:47:26 GMT" time="163.344" errors="0">
  <testcase name="verifyContactsPageLabel" time="22.086" classname="com.crm.qa.tests.ContactsPageTest"/>
  <testcase name="selectSingleContactsTest" time="26.816" classname="com.crm.qa.tests.ContactsPageTest"/>
  <testcase name="selectMultipleContactsTest" time="23.164" classname="com.crm.qa.tests.ContactsPageTest"/>
  <testcase name="validateCreateNewContact" time="25.790" classname="com.crm.qa.tests.ContactsPageTest"/>
  <testcase name="validateCreateNewContact" time="25.115" classname="com.crm.qa.tests.ContactsPageTest"/>
  <testcase name="validateCreateNewContact" time="40.373" classname="com.crm.qa.tests.ContactsPageTest"/>
</testsuite> <!-- com.crm.qa.tests.ContactsPageTest -->
